0 info it worked if it ends with ok
1 verbose cli [ 'F:\\node\\node.exe',
1 verbose cli   'F:\\node\\node_modules\\npm\\bin\\npm-cli.js',
1 verbose cli   'start' ]
2 info using npm@3.10.10
3 info using node@v6.10.0
4 verbose run-script [ 'prestart', 'start', 'poststart' ]
5 info lifecycle webpacktest@1.0.0~prestart: webpacktest@1.0.0
6 silly lifecycle webpacktest@1.0.0~prestart: no script for prestart, continuing
7 info lifecycle webpacktest@1.0.0~start: webpacktest@1.0.0
8 verbose lifecycle webpacktest@1.0.0~start: unsafe-perm in lifecycle true
9 verbose lifecycle webpacktest@1.0.0~start: PATH: F:\node\node_modules\npm\bin\node-gyp-bin;D:\weiboform-react\node_modules\.bin;F:\python\;F:\python\Scripts;%APPCAN_PATH%;C:\WINDOWS\system32;C:\WINDOWS;C:\WINDOWS\system32\wbem;f:\quartus\bin;C:\Program Files (x86)\ATI Technologies\ATI.ACE\Core-Static;C:\Program Files\MATLAB\R2012b\runtime\win64;C:\Program Files\MATLAB\R2012b\bin;C:\Program Files (x86)\Microsoft SQL Server\100\Tools\Binn\;C:\Program Files\Microsoft SQL Server\100\Tools\Binn\;C:\Program Files\Microsoft SQL Server\100\DTS\Binn\;C:\WINDOWS\System32\Wbem;C:\WINDOWS\System32\WindowsPowerShell\v1.0\;D:\Git\cmd;C:\Program Files\TortoiseSVN\bin;C:\Python27;C:\Program Files\MySQL\MySQL Server 5.5\bin;F:\node\;C:\Users\admin\AppData\Local\Microsoft\WindowsApps;C:\Users\admin\AppData\Roaming\npm
10 verbose lifecycle webpacktest@1.0.0~start: CWD: D:\weiboform-react
11 silly lifecycle webpacktest@1.0.0~start: Args: [ '/d /s /c', 'webpack && webpack-dev-server --hot --inline' ]
12 silly lifecycle webpacktest@1.0.0~start: Returned: code: 3221225786  signal: null
13 info lifecycle webpacktest@1.0.0~start: Failed to exec start script
14 verbose stack Error: webpacktest@1.0.0 start: `webpack && webpack-dev-server --hot --inline`
14 verbose stack Exit status 3221225786
14 verbose stack     at EventEmitter.<anonymous> (F:\node\node_modules\npm\lib\utils\lifecycle.js:255:16)
14 verbose stack     at emitTwo (events.js:106:13)
14 verbose stack     at EventEmitter.emit (events.js:191:7)
14 verbose stack     at ChildProcess.<anonymous> (F:\node\node_modules\npm\lib\utils\spawn.js:40:14)
14 verbose stack     at emitTwo (events.js:106:13)
14 verbose stack     at ChildProcess.emit (events.js:191:7)
14 verbose stack     at maybeClose (internal/child_process.js:877:16)
14 verbose stack     at Process.ChildProcess._handle.onexit (internal/child_process.js:226:5)
15 verbose pkgid webpacktest@1.0.0
16 verbose cwd D:\weiboform-react
17 error Windows_NT 10.0.14393
18 error argv "F:\\node\\node.exe" "F:\\node\\node_modules\\npm\\bin\\npm-cli.js" "start"
19 error node v6.10.0
20 error npm  v3.10.10
21 error code ELIFECYCLE
22 error webpacktest@1.0.0 start: `webpack && webpack-dev-server --hot --inline`
22 error Exit status 3221225786
23 error Failed at the webpacktest@1.0.0 start script 'webpack && webpack-dev-server --hot --inline'.
23 error Make sure you have the latest version of node.js and npm installed.
23 error If you do, this is most likely a problem with the webpacktest package,
23 error not with npm itself.
23 error Tell the author that this fails on your system:
23 error     webpack && webpack-dev-server --hot --inline
23 error You can get information on how to open an issue for this project with:
23 error     npm bugs webpacktest
23 error Or if that isn't available, you can get their info via:
23 error     npm owner ls webpacktest
23 error There is likely additional logging output above.
24 verbose exit [ 1, true ]
